The system is: Linux - 3.10.0-957.el7.x86_64 - x86_64
Compiling the C compiler identification source file "CMakeCCompilerId.c" succeeded.
Compiler: /usr/bin/gcc 
Build flags: -Wall;-std=c99
Id flags:  

The output was:
0


Compilation of the C compiler identification source "CMakeCCompilerId.c" produced "a.out"

The C compiler identification is GNU, found in "/root/huobi/CMakeFiles/3.13.5/CompilerIdC/a.out"

Determining if the C compiler works passed with the following output:
Change Dir: /root/huobi/CMakeFiles/CMakeTmp

Run Build Command:"/usr/bin/gmake" "cmTC_58947/fast"
/usr/bin/gmake -f CMakeFiles/cmTC_58947.dir/build.make CMakeFiles/cmTC_58947.dir/build
gmake[1]: Entering directory `/root/huobi/CMakeFiles/CMakeTmp'
Building C object CMakeFiles/cmTC_58947.dir/testCCompiler.c.o
/usr/bin/gcc   -Wall -std=c99    -o CMakeFiles/cmTC_58947.dir/testCCompiler.c.o   -c /root/huobi/CMakeFiles/CMakeTmp/testCCompiler.c
Linking C executable cmTC_58947
/usr/bin/cmake3 -E cmake_link_script CMakeFiles/cmTC_58947.dir/link.txt --verbose=1
/usr/bin/gcc -Wall -std=c99     -rdynamic CMakeFiles/cmTC_58947.dir/testCCompiler.c.o  -o cmTC_58947 
gmake[1]: Leaving directory `/root/huobi/CMakeFiles/CMakeTmp'


Detecting C compiler ABI info compiled with the following output:
Change Dir: /root/huobi/CMakeFiles/CMakeTmp

Run Build Command:"/usr/bin/gmake" "cmTC_afee3/fast"
/usr/bin/gmake -f CMakeFiles/cmTC_afee3.dir/build.make CMakeFiles/cmTC_afee3.dir/build
gmake[1]: Entering directory `/root/huobi/CMakeFiles/CMakeTmp'
Building C object CMakeFiles/cmTC_afee3.dir/CMakeCCompilerABI.c.o
/usr/bin/gcc   -Wall -std=c99    -o CMakeFiles/cmTC_afee3.dir/CMakeCCompilerABI.c.o   -c /usr/share/cmake3/Modules/CMakeCCompilerABI.c
Linking C executable cmTC_afee3
/usr/bin/cmake3 -E cmake_link_script CMakeFiles/cmTC_afee3.dir/link.txt --verbose=1
/usr/bin/gcc -Wall -std=c99    -v -rdynamic CMakeFiles/cmTC_afee3.dir/CMakeCCompilerABI.c.o  -o cmTC_afee3 
Using built-in specs.
COLLECT_GCC=/usr/bin/gcc
COLLECT_LTO_WRAPPER=/usr/libexec/gcc/x86_64-redhat-linux/4.8.5/lto-wrapper
Target: x86_64-redhat-linux
Configured with: ../configure --prefix=/usr --mandir=/usr/share/man --infodir=/usr/share/info --with-bugurl=http://bugzilla.redhat.com/bugzilla --enable-bootstrap --enable-shared --enable-threads=posix --enable-checking=release --with-system-zlib --enable-__cxa_atexit --disable-libunwind-exceptions --enable-gnu-unique-object --enable-linker-build-id --with-linker-hash-style=gnu --enable-languages=c,c++,objc,obj-c++,java,fortran,ada,go,lto --enable-plugin --enable-initfini-array --disable-libgcj --with-isl=/builddir/build/BUILD/gcc-4.8.5-20150702/obj-x86_64-redhat-linux/isl-install --with-cloog=/builddir/build/BUILD/gcc-4.8.5-20150702/obj-x86_64-redhat-linux/cloog-install --enable-gnu-indirect-function --with-tune=generic --with-arch_32=x86-64 --build=x86_64-redhat-linux
Thread model: posix
gcc version 4.8.5 20150623 (Red Hat 4.8.5-36) (GCC) 
COMPILER_PATH=/usr/libexec/gcc/x86_64-redhat-linux/4.8.5/:/usr/libexec/gcc/x86_64-redhat-linux/4.8.5/:/usr/libexec/gcc/x86_64-redhat-linux/:/usr/lib/gcc/x86_64-redhat-linux/4.8.5/:/usr/lib/gcc/x86_64-redhat-linux/
LIBRARY_PATH=/usr/lib/gcc/x86_64-redhat-linux/4.8.5/:/usr/lib/gcc/x86_64-redhat-linux/4.8.5/../../../../lib64/:/lib/../lib64/:/usr/lib/../lib64/:/usr/lib/gcc/x86_64-redhat-linux/4.8.5/../../../:/lib/:/usr/lib/
COLLECT_GCC_OPTIONS='-Wall' '-std=c99' '-v' '-rdynamic' '-o' 'cmTC_afee3' '-mtune=generic' '-march=x86-64'
 /usr/libexec/gcc/x86_64-redhat-linux/4.8.5/collect2 --build-id --no-add-needed --eh-frame-hdr --hash-style=gnu -m elf_x86_64 -export-dynamic -dynamic-linker /lib64/ld-linux-x86-64.so.2 -o cmTC_afee3 /usr/lib/gcc/x86_64-redhat-linux/4.8.5/../../../../lib64/crt1.o /usr/lib/gcc/x86_64-redhat-linux/4.8.5/../../../../lib64/crti.o /usr/lib/gcc/x86_64-redhat-linux/4.8.5/crtbegin.o -L/usr/lib/gcc/x86_64-redhat-linux/4.8.5 -L/usr/lib/gcc/x86_64-redhat-linux/4.8.5/../../../../lib64 -L/lib/../lib64 -L/usr/lib/../lib64 -L/usr/lib/gcc/x86_64-redhat-linux/4.8.5/../../.. CMakeFiles/cmTC_afee3.dir/CMakeCCompilerABI.c.o -lgcc --as-needed -lgcc_s --no-as-needed -lc -lgcc --as-needed -lgcc_s --no-as-needed /usr/lib/gcc/x86_64-redhat-linux/4.8.5/crtend.o /usr/lib/gcc/x86_64-redhat-linux/4.8.5/../../../../lib64/crtn.o
gmake[1]: Leaving directory `/root/huobi/CMakeFiles/CMakeTmp'


Parsed C implicit link information from above output:
  link line regex: [^( *|.*[/\])(ld|CMAKE_LINK_STARTFILE-NOTFOUND|([^/\]+-)?ld|collect2)[^/\]*( |$)]
  ignore line: [Change Dir: /root/huobi/CMakeFiles/CMakeTmp]
  ignore line: []
  ignore line: [Run Build Command:"/usr/bin/gmake" "cmTC_afee3/fast"]
  ignore line: [/usr/bin/gmake -f CMakeFiles/cmTC_afee3.dir/build.make CMakeFiles/cmTC_afee3.dir/build]
  ignore line: [gmake[1]: Entering directory `/root/huobi/CMakeFiles/CMakeTmp']
  ignore line: [Building C object CMakeFiles/cmTC_afee3.dir/CMakeCCompilerABI.c.o]
  ignore line: [/usr/bin/gcc   -Wall -std=c99    -o CMakeFiles/cmTC_afee3.dir/CMakeCCompilerABI.c.o   -c /usr/share/cmake3/Modules/CMakeCCompilerABI.c]
  ignore line: [Linking C executable cmTC_afee3]
  ignore line: [/usr/bin/cmake3 -E cmake_link_script CMakeFiles/cmTC_afee3.dir/link.txt --verbose=1]
  ignore line: [/usr/bin/gcc -Wall -std=c99    -v -rdynamic CMakeFiles/cmTC_afee3.dir/CMakeCCompilerABI.c.o  -o cmTC_afee3 ]
  ignore line: [Using built-in specs.]
  ignore line: [COLLECT_GCC=/usr/bin/gcc]
  ignore line: [COLLECT_LTO_WRAPPER=/usr/libexec/gcc/x86_64-redhat-linux/4.8.5/lto-wrapper]
  ignore line: [Target: x86_64-redhat-linux]
  ignore line: [Configured with: ../configure --prefix=/usr --mandir=/usr/share/man --infodir=/usr/share/info --with-bugurl=http://bugzilla.redhat.com/bugzilla --enable-bootstrap --enable-shared --enable-threads=posix --enable-checking=release --with-system-zlib --enable-__cxa_atexit --disable-libunwind-exceptions --enable-gnu-unique-object --enable-linker-build-id --with-linker-hash-style=gnu --enable-languages=c,c++,objc,obj-c++,java,fortran,ada,go,lto --enable-plugin --enable-initfini-array --disable-libgcj --with-isl=/builddir/build/BUILD/gcc-4.8.5-20150702/obj-x86_64-redhat-linux/isl-install --with-cloog=/builddir/build/BUILD/gcc-4.8.5-20150702/obj-x86_64-redhat-linux/cloog-install --enable-gnu-indirect-function --with-tune=generic --with-arch_32=x86-64 --build=x86_64-redhat-linux]
  ignore line: [Thread model: posix]
  ignore line: [gcc version 4.8.5 20150623 (Red Hat 4.8.5-36) (GCC) ]
  ignore line: [COMPILER_PATH=/usr/libexec/gcc/x86_64-redhat-linux/4.8.5/:/usr/libexec/gcc/x86_64-redhat-linux/4.8.5/:/usr/libexec/gcc/x86_64-redhat-linux/:/usr/lib/gcc/x86_64-redhat-linux/4.8.5/:/usr/lib/gcc/x86_64-redhat-linux/]
  ignore line: [LIBRARY_PATH=/usr/lib/gcc/x86_64-redhat-linux/4.8.5/:/usr/lib/gcc/x86_64-redhat-linux/4.8.5/../../../../lib64/:/lib/../lib64/:/usr/lib/../lib64/:/usr/lib/gcc/x86_64-redhat-linux/4.8.5/../../../:/lib/:/usr/lib/]
  ignore line: [COLLECT_GCC_OPTIONS='-Wall' '-std=c99' '-v' '-rdynamic' '-o' 'cmTC_afee3' '-mtune=generic' '-march=x86-64']
  link line: [ /usr/libexec/gcc/x86_64-redhat-linux/4.8.5/collect2 --build-id --no-add-needed --eh-frame-hdr --hash-style=gnu -m elf_x86_64 -export-dynamic -dynamic-linker /lib64/ld-linux-x86-64.so.2 -o cmTC_afee3 /usr/lib/gcc/x86_64-redhat-linux/4.8.5/../../../../lib64/crt1.o /usr/lib/gcc/x86_64-redhat-linux/4.8.5/../../../../lib64/crti.o /usr/lib/gcc/x86_64-redhat-linux/4.8.5/crtbegin.o -L/usr/lib/gcc/x86_64-redhat-linux/4.8.5 -L/usr/lib/gcc/x86_64-redhat-linux/4.8.5/../../../../lib64 -L/lib/../lib64 -L/usr/lib/../lib64 -L/usr/lib/gcc/x86_64-redhat-linux/4.8.5/../../.. CMakeFiles/cmTC_afee3.dir/CMakeCCompilerABI.c.o -lgcc --as-needed -lgcc_s --no-as-needed -lc -lgcc --as-needed -lgcc_s --no-as-needed /usr/lib/gcc/x86_64-redhat-linux/4.8.5/crtend.o /usr/lib/gcc/x86_64-redhat-linux/4.8.5/../../../../lib64/crtn.o]
    arg [/usr/libexec/gcc/x86_64-redhat-linux/4.8.5/collect2] ==> ignore
    arg [--build-id] ==> ignore
    arg [--no-add-needed] ==> ignore
    arg [--eh-frame-hdr] ==> ignore
    arg [--hash-style=gnu] ==> ignore
    arg [-m] ==> ignore
    arg [elf_x86_64] ==> ignore
    arg [-export-dynamic] ==> ignore
    arg [-dynamic-linker] ==> ignore
    arg [/lib64/ld-linux-x86-64.so.2] ==> ignore
    arg [-o] ==> ignore
    arg [cmTC_afee3] ==> ignore
    arg [/usr/lib/gcc/x86_64-redhat-linux/4.8.5/../../../../lib64/crt1.o] ==> ignore
    arg [/usr/lib/gcc/x86_64-redhat-linux/4.8.5/../../../../lib64/crti.o] ==> ignore
    arg [/usr/lib/gcc/x86_64-redhat-linux/4.8.5/crtbegin.o] ==> ignore
    arg [-L/usr/lib/gcc/x86_64-redhat-linux/4.8.5] ==> dir [/usr/lib/gcc/x86_64-redhat-linux/4.8.5]
    arg [-L/usr/lib/gcc/x86_64-redhat-linux/4.8.5/../../../../lib64] ==> dir [/usr/lib/gcc/x86_64-redhat-linux/4.8.5/../../../../lib64]
    arg [-L/lib/../lib64] ==> dir [/lib/../lib64]
    arg [-L/usr/lib/../lib64] ==> dir [/usr/lib/../lib64]
    arg [-L/usr/lib/gcc/x86_64-redhat-linux/4.8.5/../../..] ==> dir [/usr/lib/gcc/x86_64-redhat-linux/4.8.5/../../..]
    arg [CMakeFiles/cmTC_afee3.dir/CMakeCCompilerABI.c.o] ==> ignore
    arg [-lgcc] ==> lib [gcc]
    arg [--as-needed] ==> ignore
    arg [-lgcc_s] ==> lib [gcc_s]
    arg [--no-as-needed] ==> ignore
    arg [-lc] ==> lib [c]
    arg [-lgcc] ==> lib [gcc]
    arg [--as-needed] ==> ignore
    arg [-lgcc_s] ==> lib [gcc_s]
    arg [--no-as-needed] ==> ignore
    arg [/usr/lib/gcc/x86_64-redhat-linux/4.8.5/crtend.o] ==> ignore
    arg [/usr/lib/gcc/x86_64-redhat-linux/4.8.5/../../../../lib64/crtn.o] ==> ignore
  collapse library dir [/usr/lib/gcc/x86_64-redhat-linux/4.8.5] ==> [/usr/lib/gcc/x86_64-redhat-linux/4.8.5]
  collapse library dir [/usr/lib/gcc/x86_64-redhat-linux/4.8.5/../../../../lib64] ==> [/usr/lib64]
  collapse library dir [/lib/../lib64] ==> [/lib64]
  collapse library dir [/usr/lib/../lib64] ==> [/usr/lib64]
  collapse library dir [/usr/lib/gcc/x86_64-redhat-linux/4.8.5/../../..] ==> [/usr/lib]
  implicit libs: [gcc;gcc_s;c;gcc;gcc_s]
  implicit dirs: [/usr/lib/gcc/x86_64-redhat-linux/4.8.5;/usr/lib64;/lib64;/usr/lib]
  implicit fwks: []




Detecting C [-std=c11] compiler features compiled with the following output:
Change Dir: /root/huobi/CMakeFiles/CMakeTmp

Run Build Command:"/usr/bin/gmake" "cmTC_809f8/fast"
/usr/bin/gmake -f CMakeFiles/cmTC_809f8.dir/build.make CMakeFiles/cmTC_809f8.dir/build
gmake[1]: Entering directory `/root/huobi/CMakeFiles/CMakeTmp'
Building C object CMakeFiles/cmTC_809f8.dir/feature_tests.c.o
/usr/bin/gcc   -Wall -std=c99    -std=c11 -o CMakeFiles/cmTC_809f8.dir/feature_tests.c.o   -c /root/huobi/CMakeFiles/feature_tests.c
Linking C executable cmTC_809f8
/usr/bin/cmake3 -E cmake_link_script CMakeFiles/cmTC_809f8.dir/link.txt --verbose=1
/usr/bin/gcc -Wall -std=c99     -rdynamic CMakeFiles/cmTC_809f8.dir/feature_tests.c.o  -o cmTC_809f8 
gmake[1]: Leaving directory `/root/huobi/CMakeFiles/CMakeTmp'


    Feature record: C_FEATURE:1c_function_prototypes
    Feature record: C_FEATURE:1c_restrict
    Feature record: C_FEATURE:1c_static_assert
    Feature record: C_FEATURE:1c_variadic_macros


Detecting C [-std=c99] compiler features compiled with the following output:
Change Dir: /root/huobi/CMakeFiles/CMakeTmp

Run Build Command:"/usr/bin/gmake" "cmTC_6df6c/fast"
/usr/bin/gmake -f CMakeFiles/cmTC_6df6c.dir/build.make CMakeFiles/cmTC_6df6c.dir/build
gmake[1]: Entering directory `/root/huobi/CMakeFiles/CMakeTmp'
Building C object CMakeFiles/cmTC_6df6c.dir/feature_tests.c.o
/usr/bin/gcc   -Wall -std=c99    -std=c99 -o CMakeFiles/cmTC_6df6c.dir/feature_tests.c.o   -c /root/huobi/CMakeFiles/feature_tests.c
Linking C executable cmTC_6df6c
/usr/bin/cmake3 -E cmake_link_script CMakeFiles/cmTC_6df6c.dir/link.txt --verbose=1
/usr/bin/gcc -Wall -std=c99     -rdynamic CMakeFiles/cmTC_6df6c.dir/feature_tests.c.o  -o cmTC_6df6c 
gmake[1]: Leaving directory `/root/huobi/CMakeFiles/CMakeTmp'


    Feature record: C_FEATURE:1c_function_prototypes
    Feature record: C_FEATURE:1c_restrict
    Feature record: C_FEATURE:0c_static_assert
    Feature record: C_FEATURE:1c_variadic_macros


Detecting C [-std=c90] compiler features compiled with the following output:
Change Dir: /root/huobi/CMakeFiles/CMakeTmp

Run Build Command:"/usr/bin/gmake" "cmTC_a30cd/fast"
/usr/bin/gmake -f CMakeFiles/cmTC_a30cd.dir/build.make CMakeFiles/cmTC_a30cd.dir/build
gmake[1]: Entering directory `/root/huobi/CMakeFiles/CMakeTmp'
Building C object CMakeFiles/cmTC_a30cd.dir/feature_tests.c.o
/usr/bin/gcc   -Wall -std=c99    -std=c90 -o CMakeFiles/cmTC_a30cd.dir/feature_tests.c.o   -c /root/huobi/CMakeFiles/feature_tests.c
Linking C executable cmTC_a30cd
/usr/bin/cmake3 -E cmake_link_script CMakeFiles/cmTC_a30cd.dir/link.txt --verbose=1
/usr/bin/gcc -Wall -std=c99     -rdynamic CMakeFiles/cmTC_a30cd.dir/feature_tests.c.o  -o cmTC_a30cd 
gmake[1]: Leaving directory `/root/huobi/CMakeFiles/CMakeTmp'


    Feature record: C_FEATURE:1c_function_prototypes
    Feature record: C_FEATURE:0c_restrict
    Feature record: C_FEATURE:0c_static_assert
    Feature record: C_FEATURE:0c_variadic_macros
Compiling the CXX compiler identification source file "CMakeCXXCompilerId.cpp" succeeded.
Compiler: /opt/rh/devtoolset-3/root/usr/bin/g++ 
Build flags: -Wall;-std=c++11
Id flags:  

The output was:
0


Compilation of the CXX compiler identification source "CMakeCXXCompilerId.cpp" produced "a.out"

The CXX compiler identification is GNU, found in "/root/huobi/CMakeFiles/3.13.5/CompilerIdCXX/a.out"

Determining if the CXX compiler works passed with the following output:
Change Dir: /root/huobi/CMakeFiles/CMakeTmp

Run Build Command:"/usr/bin/gmake" "cmTC_ee9a6/fast"
/usr/bin/gmake -f CMakeFiles/cmTC_ee9a6.dir/build.make CMakeFiles/cmTC_ee9a6.dir/build
gmake[1]: Entering directory `/root/huobi/CMakeFiles/CMakeTmp'
Building CXX object CMakeFiles/cmTC_ee9a6.dir/testCXXCompiler.cxx.o
/opt/rh/devtoolset-3/root/usr/bin/g++    -Wall -std=c++11    -o CMakeFiles/cmTC_ee9a6.dir/testCXXCompiler.cxx.o -c /root/huobi/CMakeFiles/CMakeTmp/testCXXCompiler.cxx
Linking CXX executable cmTC_ee9a6
/usr/bin/cmake3 -E cmake_link_script CMakeFiles/cmTC_ee9a6.dir/link.txt --verbose=1
/opt/rh/devtoolset-3/root/usr/bin/g++  -Wall -std=c++11     -rdynamic CMakeFiles/cmTC_ee9a6.dir/testCXXCompiler.cxx.o  -o cmTC_ee9a6 
gmake[1]: Leaving directory `/root/huobi/CMakeFiles/CMakeTmp'


Detecting CXX compiler ABI info compiled with the following output:
Change Dir: /root/huobi/CMakeFiles/CMakeTmp

Run Build Command:"/usr/bin/gmake" "cmTC_43f5a/fast"
/usr/bin/gmake -f CMakeFiles/cmTC_43f5a.dir/build.make CMakeFiles/cmTC_43f5a.dir/build
gmake[1]: Entering directory `/root/huobi/CMakeFiles/CMakeTmp'
Building CXX object CMakeFiles/cmTC_43f5a.dir/CMakeCXXCompilerABI.cpp.o
/opt/rh/devtoolset-3/root/usr/bin/g++    -Wall -std=c++11    -o CMakeFiles/cmTC_43f5a.dir/CMakeCXXCompilerABI.cpp.o -c /usr/share/cmake3/Modules/CMakeCXXCompilerABI.cpp
Linking CXX executable cmTC_43f5a
/usr/bin/cmake3 -E cmake_link_script CMakeFiles/cmTC_43f5a.dir/link.txt --verbose=1
/opt/rh/devtoolset-3/root/usr/bin/g++  -Wall -std=c++11    -v -rdynamic CMakeFiles/cmTC_43f5a.dir/CMakeCXXCompilerABI.cpp.o  -o cmTC_43f5a 
Using built-in specs.
COLLECT_GCC=/opt/rh/devtoolset-3/root/usr/bin/g++
COLLECT_LTO_WRAPPER=/opt/rh/devtoolset-3/root/usr/libexec/gcc/x86_64-redhat-linux/4.9.2/lto-wrapper
Target: x86_64-redhat-linux
Configured with: ../configure --prefix=/opt/rh/devtoolset-3/root/usr --mandir=/opt/rh/devtoolset-3/root/usr/share/man --infodir=/opt/rh/devtoolset-3/root/usr/share/info --with-bugurl=http://bugzilla.redhat.com/bugzilla --enable-bootstrap --enable-shared --enable-threads=posix --enable-checking=release --enable-multilib --with-system-zlib --enable-__cxa_atexit --disable-libunwind-exceptions --enable-gnu-unique-object --enable-linker-build-id --enable-languages=c,c++,fortran,lto --enable-plugin --with-linker-hash-style=gnu --enable-initfini-array --disable-libgcj --with-isl=/builddir/build/BUILD/gcc-4.9.2-20150212/obj-x86_64-redhat-linux/isl-install --with-cloog=/builddir/build/BUILD/gcc-4.9.2-20150212/obj-x86_64-redhat-linux/cloog-install --enable-gnu-indirect-function --with-tune=generic --with-arch_32=i686 --build=x86_64-redhat-linux
Thread model: posix
gcc version 4.9.2 20150212 (Red Hat 4.9.2-6) (GCC) 
COMPILER_PATH=/opt/rh/devtoolset-3/root/usr/libexec/gcc/x86_64-redhat-linux/4.9.2/:/opt/rh/devtoolset-3/root/usr/libexec/gcc/x86_64-redhat-linux/4.9.2/:/opt/rh/devtoolset-3/root/usr/libexec/gcc/x86_64-redhat-linux/:/opt/rh/devtoolset-3/root/usr/lib/gcc/x86_64-redhat-linux/4.9.2/:/opt/rh/devtoolset-3/root/usr/lib/gcc/x86_64-redhat-linux/
LIBRARY_PATH=/opt/rh/devtoolset-3/root/usr/lib/gcc/x86_64-redhat-linux/4.9.2/:/opt/rh/devtoolset-3/root/usr/lib/gcc/x86_64-redhat-linux/4.9.2/../../../../lib64/:/lib/../lib64/:/usr/lib/../lib64/:/opt/rh/devtoolset-3/root/usr/lib/gcc/x86_64-redhat-linux/4.9.2/../../../:/lib/:/usr/lib/
COLLECT_GCC_OPTIONS='-Wall' '-std=c++11' '-v' '-rdynamic' '-o' 'cmTC_43f5a' '-shared-libgcc' '-mtune=generic' '-march=x86-64'
 /opt/rh/devtoolset-3/root/usr/libexec/gcc/x86_64-redhat-linux/4.9.2/collect2 -plugin /opt/rh/devtoolset-3/root/usr/libexec/gcc/x86_64-redhat-linux/4.9.2/liblto_plugin.so -plugin-opt=/opt/rh/devtoolset-3/root/usr/libexec/gcc/x86_64-redhat-linux/4.9.2/lto-wrapper -plugin-opt=-fresolution=/tmp/ccO7amBr.res -plugin-opt=-pass-through=-lgcc_s -plugin-opt=-pass-through=-lgcc -plugin-opt=-pass-through=-lc -plugin-opt=-pass-through=-lgcc_s -plugin-opt=-pass-through=-lgcc --build-id --no-add-needed --eh-frame-hdr --hash-style=gnu -m elf_x86_64 -export-dynamic -dynamic-linker /lib64/ld-linux-x86-64.so.2 -o cmTC_43f5a /lib/../lib64/crt1.o /lib/../lib64/crti.o /opt/rh/devtoolset-3/root/usr/lib/gcc/x86_64-redhat-linux/4.9.2/crtbegin.o -L/opt/rh/devtoolset-3/root/usr/lib/gcc/x86_64-redhat-linux/4.9.2 -L/opt/rh/devtoolset-3/root/usr/lib/gcc/x86_64-redhat-linux/4.9.2/../../../../lib64 -L/lib/../lib64 -L/usr/lib/../lib64 -L/opt/rh/devtoolset-3/root/usr/lib/gcc/x86_64-redhat-linux/4.9.2/../../.. CMakeFiles/cmTC_43f5a.dir/CMakeCXXCompilerABI.cpp.o -lstdc++ -lm -lgcc_s -lgcc -lc -lgcc_s -lgcc /opt/rh/devtoolset-3/root/usr/lib/gcc/x86_64-redhat-linux/4.9.2/crtend.o /lib/../lib64/crtn.o
gmake[1]: Leaving directory `/root/huobi/CMakeFiles/CMakeTmp'


Parsed CXX implicit link information from above output:
  link line regex: [^( *|.*[/\])(ld|CMAKE_LINK_STARTFILE-NOTFOUND|([^/\]+-)?ld|collect2)[^/\]*( |$)]
  ignore line: [Change Dir: /root/huobi/CMakeFiles/CMakeTmp]
  ignore line: []
  ignore line: [Run Build Command:"/usr/bin/gmake" "cmTC_43f5a/fast"]
  ignore line: [/usr/bin/gmake -f CMakeFiles/cmTC_43f5a.dir/build.make CMakeFiles/cmTC_43f5a.dir/build]
  ignore line: [gmake[1]: Entering directory `/root/huobi/CMakeFiles/CMakeTmp']
  ignore line: [Building CXX object CMakeFiles/cmTC_43f5a.dir/CMakeCXXCompilerABI.cpp.o]
  ignore line: [/opt/rh/devtoolset-3/root/usr/bin/g++    -Wall -std=c++11    -o CMakeFiles/cmTC_43f5a.dir/CMakeCXXCompilerABI.cpp.o -c /usr/share/cmake3/Modules/CMakeCXXCompilerABI.cpp]
  ignore line: [Linking CXX executable cmTC_43f5a]
  ignore line: [/usr/bin/cmake3 -E cmake_link_script CMakeFiles/cmTC_43f5a.dir/link.txt --verbose=1]
  ignore line: [/opt/rh/devtoolset-3/root/usr/bin/g++  -Wall -std=c++11    -v -rdynamic CMakeFiles/cmTC_43f5a.dir/CMakeCXXCompilerABI.cpp.o  -o cmTC_43f5a ]
  ignore line: [Using built-in specs.]
  ignore line: [COLLECT_GCC=/opt/rh/devtoolset-3/root/usr/bin/g++]
  ignore line: [COLLECT_LTO_WRAPPER=/opt/rh/devtoolset-3/root/usr/libexec/gcc/x86_64-redhat-linux/4.9.2/lto-wrapper]
  ignore line: [Target: x86_64-redhat-linux]
  ignore line: [Configured with: ../configure --prefix=/opt/rh/devtoolset-3/root/usr --mandir=/opt/rh/devtoolset-3/root/usr/share/man --infodir=/opt/rh/devtoolset-3/root/usr/share/info --with-bugurl=http://bugzilla.redhat.com/bugzilla --enable-bootstrap --enable-shared --enable-threads=posix --enable-checking=release --enable-multilib --with-system-zlib --enable-__cxa_atexit --disable-libunwind-exceptions --enable-gnu-unique-object --enable-linker-build-id --enable-languages=c,c++,fortran,lto --enable-plugin --with-linker-hash-style=gnu --enable-initfini-array --disable-libgcj --with-isl=/builddir/build/BUILD/gcc-4.9.2-20150212/obj-x86_64-redhat-linux/isl-install --with-cloog=/builddir/build/BUILD/gcc-4.9.2-20150212/obj-x86_64-redhat-linux/cloog-install --enable-gnu-indirect-function --with-tune=generic --with-arch_32=i686 --build=x86_64-redhat-linux]
  ignore line: [Thread model: posix]
  ignore line: [gcc version 4.9.2 20150212 (Red Hat 4.9.2-6) (GCC) ]
  ignore line: [COMPILER_PATH=/opt/rh/devtoolset-3/root/usr/libexec/gcc/x86_64-redhat-linux/4.9.2/:/opt/rh/devtoolset-3/root/usr/libexec/gcc/x86_64-redhat-linux/4.9.2/:/opt/rh/devtoolset-3/root/usr/libexec/gcc/x86_64-redhat-linux/:/opt/rh/devtoolset-3/root/usr/lib/gcc/x86_64-redhat-linux/4.9.2/:/opt/rh/devtoolset-3/root/usr/lib/gcc/x86_64-redhat-linux/]
  ignore line: [LIBRARY_PATH=/opt/rh/devtoolset-3/root/usr/lib/gcc/x86_64-redhat-linux/4.9.2/:/opt/rh/devtoolset-3/root/usr/lib/gcc/x86_64-redhat-linux/4.9.2/../../../../lib64/:/lib/../lib64/:/usr/lib/../lib64/:/opt/rh/devtoolset-3/root/usr/lib/gcc/x86_64-redhat-linux/4.9.2/../../../:/lib/:/usr/lib/]
  ignore line: [COLLECT_GCC_OPTIONS='-Wall' '-std=c++11' '-v' '-rdynamic' '-o' 'cmTC_43f5a' '-shared-libgcc' '-mtune=generic' '-march=x86-64']
  link line: [ /opt/rh/devtoolset-3/root/usr/libexec/gcc/x86_64-redhat-linux/4.9.2/collect2 -plugin /opt/rh/devtoolset-3/root/usr/libexec/gcc/x86_64-redhat-linux/4.9.2/liblto_plugin.so -plugin-opt=/opt/rh/devtoolset-3/root/usr/libexec/gcc/x86_64-redhat-linux/4.9.2/lto-wrapper -plugin-opt=-fresolution=/tmp/ccO7amBr.res -plugin-opt=-pass-through=-lgcc_s -plugin-opt=-pass-through=-lgcc -plugin-opt=-pass-through=-lc -plugin-opt=-pass-through=-lgcc_s -plugin-opt=-pass-through=-lgcc --build-id --no-add-needed --eh-frame-hdr --hash-style=gnu -m elf_x86_64 -export-dynamic -dynamic-linker /lib64/ld-linux-x86-64.so.2 -o cmTC_43f5a /lib/../lib64/crt1.o /lib/../lib64/crti.o /opt/rh/devtoolset-3/root/usr/lib/gcc/x86_64-redhat-linux/4.9.2/crtbegin.o -L/opt/rh/devtoolset-3/root/usr/lib/gcc/x86_64-redhat-linux/4.9.2 -L/opt/rh/devtoolset-3/root/usr/lib/gcc/x86_64-redhat-linux/4.9.2/../../../../lib64 -L/lib/../lib64 -L/usr/lib/../lib64 -L/opt/rh/devtoolset-3/root/usr/lib/gcc/x86_64-redhat-linux/4.9.2/../../.. CMakeFiles/cmTC_43f5a.dir/CMakeCXXCompilerABI.cpp.o -lstdc++ -lm -lgcc_s -lgcc -lc -lgcc_s -lgcc /opt/rh/devtoolset-3/root/usr/lib/gcc/x86_64-redhat-linux/4.9.2/crtend.o /lib/../lib64/crtn.o]
    arg [/opt/rh/devtoolset-3/root/usr/libexec/gcc/x86_64-redhat-linux/4.9.2/collect2] ==> ignore
    arg [-plugin] ==> ignore
    arg [/opt/rh/devtoolset-3/root/usr/libexec/gcc/x86_64-redhat-linux/4.9.2/liblto_plugin.so] ==> ignore
    arg [-plugin-opt=/opt/rh/devtoolset-3/root/usr/libexec/gcc/x86_64-redhat-linux/4.9.2/lto-wrapper] ==> ignore
    arg [-plugin-opt=-fresolution=/tmp/ccO7amBr.res] ==> ignore
    arg [-plugin-opt=-pass-through=-lgcc_s] ==> ignore
    arg [-plugin-opt=-pass-through=-lgcc] ==> ignore
    arg [-plugin-opt=-pass-through=-lc] ==> ignore
    arg [-plugin-opt=-pass-through=-lgcc_s] ==> ignore
    arg [-plugin-opt=-pass-through=-lgcc] ==> ignore
    arg [--build-id] ==> ignore
    arg [--no-add-needed] ==> ignore
    arg [--eh-frame-hdr] ==> ignore
    arg [--hash-style=gnu] ==> ignore
    arg [-m] ==> ignore
    arg [elf_x86_64] ==> ignore
    arg [-export-dynamic] ==> ignore
    arg [-dynamic-linker] ==> ignore
    arg [/lib64/ld-linux-x86-64.so.2] ==> ignore
    arg [-o] ==> ignore
    arg [cmTC_43f5a] ==> ignore
    arg [/lib/../lib64/crt1.o] ==> ignore
    arg [/lib/../lib64/crti.o] ==> ignore
    arg [/opt/rh/devtoolset-3/root/usr/lib/gcc/x86_64-redhat-linux/4.9.2/crtbegin.o] ==> ignore
    arg [-L/opt/rh/devtoolset-3/root/usr/lib/gcc/x86_64-redhat-linux/4.9.2] ==> dir [/opt/rh/devtoolset-3/root/usr/lib/gcc/x86_64-redhat-linux/4.9.2]
    arg [-L/opt/rh/devtoolset-3/root/usr/lib/gcc/x86_64-redhat-linux/4.9.2/../../../../lib64] ==> dir [/opt/rh/devtoolset-3/root/usr/lib/gcc/x86_64-redhat-linux/4.9.2/../../../../lib64]
    arg [-L/lib/../lib64] ==> dir [/lib/../lib64]
    arg [-L/usr/lib/../lib64] ==> dir [/usr/lib/../lib64]
    arg [-L/opt/rh/devtoolset-3/root/usr/lib/gcc/x86_64-redhat-linux/4.9.2/../../..] ==> dir [/opt/rh/devtoolset-3/root/usr/lib/gcc/x86_64-redhat-linux/4.9.2/../../..]
    arg [CMakeFiles/cmTC_43f5a.dir/CMakeCXXCompilerABI.cpp.o] ==> ignore
    arg [-lstdc++] ==> lib [stdc++]
    arg [-lm] ==> lib [m]
    arg [-lgcc_s] ==> lib [gcc_s]
    arg [-lgcc] ==> lib [gcc]
    arg [-lc] ==> lib [c]
    arg [-lgcc_s] ==> lib [gcc_s]
    arg [-lgcc] ==> lib [gcc]
    arg [/opt/rh/devtoolset-3/root/usr/lib/gcc/x86_64-redhat-linux/4.9.2/crtend.o] ==> ignore
    arg [/lib/../lib64/crtn.o] ==> ignore
  collapse library dir [/opt/rh/devtoolset-3/root/usr/lib/gcc/x86_64-redhat-linux/4.9.2] ==> [/opt/rh/devtoolset-3/root/usr/lib/gcc/x86_64-redhat-linux/4.9.2]
  collapse library dir [/opt/rh/devtoolset-3/root/usr/lib/gcc/x86_64-redhat-linux/4.9.2/../../../../lib64] ==> [/opt/rh/devtoolset-3/root/usr/lib64]
  collapse library dir [/lib/../lib64] ==> [/lib64]
  collapse library dir [/usr/lib/../lib64] ==> [/usr/lib64]
  collapse library dir [/opt/rh/devtoolset-3/root/usr/lib/gcc/x86_64-redhat-linux/4.9.2/../../..] ==> [/opt/rh/devtoolset-3/root/usr/lib]
  implicit libs: [stdc++;m;gcc_s;gcc;c;gcc_s;gcc]
  implicit dirs: [/opt/rh/devtoolset-3/root/usr/lib/gcc/x86_64-redhat-linux/4.9.2;/opt/rh/devtoolset-3/root/usr/lib64;/lib64;/usr/lib64;/opt/rh/devtoolset-3/root/usr/lib]
  implicit fwks: []




Detecting CXX [-std=c++14] compiler features compiled with the following output:
Change Dir: /root/huobi/CMakeFiles/CMakeTmp

Run Build Command:"/usr/bin/gmake" "cmTC_5980c/fast"
/usr/bin/gmake -f CMakeFiles/cmTC_5980c.dir/build.make CMakeFiles/cmTC_5980c.dir/build
gmake[1]: Entering directory `/root/huobi/CMakeFiles/CMakeTmp'
Building CXX object CMakeFiles/cmTC_5980c.dir/feature_tests.cxx.o
/opt/rh/devtoolset-3/root/usr/bin/g++    -Wall -std=c++11    -std=c++14 -o CMakeFiles/cmTC_5980c.dir/feature_tests.cxx.o -c /root/huobi/CMakeFiles/feature_tests.cxx
Linking CXX executable cmTC_5980c
/usr/bin/cmake3 -E cmake_link_script CMakeFiles/cmTC_5980c.dir/link.txt --verbose=1
/opt/rh/devtoolset-3/root/usr/bin/g++  -Wall -std=c++11     -rdynamic CMakeFiles/cmTC_5980c.dir/feature_tests.cxx.o  -o cmTC_5980c 
gmake[1]: Leaving directory `/root/huobi/CMakeFiles/CMakeTmp'


    Feature record: CXX_FEATURE:0cxx_aggregate_default_initializers
    Feature record: CXX_FEATURE:1cxx_alias_templates
    Feature record: CXX_FEATURE:1cxx_alignas
    Feature record: CXX_FEATURE:1cxx_alignof
    Feature record: CXX_FEATURE:1cxx_attributes
    Feature record: CXX_FEATURE:1cxx_attribute_deprecated
    Feature record: CXX_FEATURE:1cxx_auto_type
    Feature record: CXX_FEATURE:1cxx_binary_literals
    Feature record: CXX_FEATURE:1cxx_constexpr
    Feature record: CXX_FEATURE:1cxx_contextual_conversions
    Feature record: CXX_FEATURE:1cxx_decltype
    Feature record: CXX_FEATURE:1cxx_decltype_auto
    Feature record: CXX_FEATURE:1cxx_decltype_incomplete_return_types
    Feature record: CXX_FEATURE:1cxx_default_function_template_args
    Feature record: CXX_FEATURE:1cxx_defaulted_functions
    Feature record: CXX_FEATURE:1cxx_defaulted_move_initializers
    Feature record: CXX_FEATURE:1cxx_delegating_constructors
    Feature record: CXX_FEATURE:1cxx_deleted_functions
    Feature record: CXX_FEATURE:1cxx_digit_separators
    Feature record: CXX_FEATURE:1cxx_enum_forward_declarations
    Feature record: CXX_FEATURE:1cxx_explicit_conversions
    Feature record: CXX_FEATURE:1cxx_extended_friend_declarations
    Feature record: CXX_FEATURE:1cxx_extern_templates
    Feature record: CXX_FEATURE:1cxx_final
    Feature record: CXX_FEATURE:1cxx_func_identifier
    Feature record: CXX_FEATURE:1cxx_generalized_initializers
    Feature record: CXX_FEATURE:1cxx_generic_lambdas
    Feature record: CXX_FEATURE:1cxx_inheriting_constructors
    Feature record: CXX_FEATURE:1cxx_inline_namespaces
    Feature record: CXX_FEATURE:1cxx_lambdas
    Feature record: CXX_FEATURE:1cxx_lambda_init_captures
    Feature record: CXX_FEATURE:1cxx_local_type_template_args
    Feature record: CXX_FEATURE:1cxx_long_long_type
    Feature record: CXX_FEATURE:1cxx_noexcept
    Feature record: CXX_FEATURE:1cxx_nonstatic_member_init
    Feature record: CXX_FEATURE:1cxx_nullptr
    Feature record: CXX_FEATURE:1cxx_override
    Feature record: CXX_FEATURE:1cxx_range_for
    Feature record: CXX_FEATURE:1cxx_raw_string_literals
    Feature record: CXX_FEATURE:1cxx_reference_qualified_functions
    Feature record: CXX_FEATURE:0cxx_relaxed_constexpr
    Feature record: CXX_FEATURE:1cxx_return_type_deduction
    Feature record: CXX_FEATURE:1cxx_right_angle_brackets
    Feature record: CXX_FEATURE:1cxx_rvalue_references
    Feature record: CXX_FEATURE:1cxx_sizeof_member
    Feature record: CXX_FEATURE:1cxx_static_assert
    Feature record: CXX_FEATURE:1cxx_strong_enums
    Feature record: CXX_FEATURE:1cxx_template_template_parameters
    Feature record: CXX_FEATURE:1cxx_thread_local
    Feature record: CXX_FEATURE:1cxx_trailing_return_types
    Feature record: CXX_FEATURE:1cxx_unicode_literals
    Feature record: CXX_FEATURE:1cxx_uniform_initialization
    Feature record: CXX_FEATURE:1cxx_unrestricted_unions
    Feature record: CXX_FEATURE:1cxx_user_literals
    Feature record: CXX_FEATURE:0cxx_variable_templates
    Feature record: CXX_FEATURE:1cxx_variadic_macros
    Feature record: CXX_FEATURE:1cxx_variadic_templates


Detecting CXX [-std=c++11] compiler features compiled with the following output:
Change Dir: /root/huobi/CMakeFiles/CMakeTmp

Run Build Command:"/usr/bin/gmake" "cmTC_fb6f6/fast"
/usr/bin/gmake -f CMakeFiles/cmTC_fb6f6.dir/build.make CMakeFiles/cmTC_fb6f6.dir/build
gmake[1]: Entering directory `/root/huobi/CMakeFiles/CMakeTmp'
Building CXX object CMakeFiles/cmTC_fb6f6.dir/feature_tests.cxx.o
/opt/rh/devtoolset-3/root/usr/bin/g++    -Wall -std=c++11    -std=c++11 -o CMakeFiles/cmTC_fb6f6.dir/feature_tests.cxx.o -c /root/huobi/CMakeFiles/feature_tests.cxx
Linking CXX executable cmTC_fb6f6
/usr/bin/cmake3 -E cmake_link_script CMakeFiles/cmTC_fb6f6.dir/link.txt --verbose=1
/opt/rh/devtoolset-3/root/usr/bin/g++  -Wall -std=c++11     -rdynamic CMakeFiles/cmTC_fb6f6.dir/feature_tests.cxx.o  -o cmTC_fb6f6 
gmake[1]: Leaving directory `/root/huobi/CMakeFiles/CMakeTmp'


    Feature record: CXX_FEATURE:0cxx_aggregate_default_initializers
    Feature record: CXX_FEATURE:1cxx_alias_templates
    Feature record: CXX_FEATURE:1cxx_alignas
    Feature record: CXX_FEATURE:1cxx_alignof
    Feature record: CXX_FEATURE:1cxx_attributes
    Feature record: CXX_FEATURE:0cxx_attribute_deprecated
    Feature record: CXX_FEATURE:1cxx_auto_type
    Feature record: CXX_FEATURE:0cxx_binary_literals
    Feature record: CXX_FEATURE:1cxx_constexpr
    Feature record: CXX_FEATURE:0cxx_contextual_conversions
    Feature record: CXX_FEATURE:1cxx_decltype
    Feature record: CXX_FEATURE:0cxx_decltype_auto
    Feature record: CXX_FEATURE:1cxx_decltype_incomplete_return_types
    Feature record: CXX_FEATURE:1cxx_default_function_template_args
    Feature record: CXX_FEATURE:1cxx_defaulted_functions
    Feature record: CXX_FEATURE:1cxx_defaulted_move_initializers
    Feature record: CXX_FEATURE:1cxx_delegating_constructors
    Feature record: CXX_FEATURE:1cxx_deleted_functions
    Feature record: CXX_FEATURE:0cxx_digit_separators
    Feature record: CXX_FEATURE:1cxx_enum_forward_declarations
    Feature record: CXX_FEATURE:1cxx_explicit_conversions
    Feature record: CXX_FEATURE:1cxx_extended_friend_declarations
    Feature record: CXX_FEATURE:1cxx_extern_templates
    Feature record: CXX_FEATURE:1cxx_final
    Feature record: CXX_FEATURE:1cxx_func_identifier
    Feature record: CXX_FEATURE:1cxx_generalized_initializers
    Feature record: CXX_FEATURE:0cxx_generic_lambdas
    Feature record: CXX_FEATURE:1cxx_inheriting_constructors
    Feature record: CXX_FEATURE:1cxx_inline_namespaces
    Feature record: CXX_FEATURE:1cxx_lambdas
    Feature record: CXX_FEATURE:0cxx_lambda_init_captures
    Feature record: CXX_FEATURE:1cxx_local_type_template_args
    Feature record: CXX_FEATURE:1cxx_long_long_type
    Feature record: CXX_FEATURE:1cxx_noexcept
    Feature record: CXX_FEATURE:1cxx_nonstatic_member_init
    Feature record: CXX_FEATURE:1cxx_nullptr
    Feature record: CXX_FEATURE:1cxx_override
    Feature record: CXX_FEATURE:1cxx_range_for
    Feature record: CXX_FEATURE:1cxx_raw_string_literals
    Feature record: CXX_FEATURE:1cxx_reference_qualified_functions
    Feature record: CXX_FEATURE:0cxx_relaxed_constexpr
    Feature record: CXX_FEATURE:0cxx_return_type_deduction
    Feature record: CXX_FEATURE:1cxx_right_angle_brackets
    Feature record: CXX_FEATURE:1cxx_rvalue_references
    Feature record: CXX_FEATURE:1cxx_sizeof_member
    Feature record: CXX_FEATURE:1cxx_static_assert
    Feature record: CXX_FEATURE:1cxx_strong_enums
    Feature record: CXX_FEATURE:1cxx_template_template_parameters
    Feature record: CXX_FEATURE:1cxx_thread_local
    Feature record: CXX_FEATURE:1cxx_trailing_return_types
    Feature record: CXX_FEATURE:1cxx_unicode_literals
    Feature record: CXX_FEATURE:1cxx_uniform_initialization
    Feature record: CXX_FEATURE:1cxx_unrestricted_unions
    Feature record: CXX_FEATURE:1cxx_user_literals
    Feature record: CXX_FEATURE:0cxx_variable_templates
    Feature record: CXX_FEATURE:1cxx_variadic_macros
    Feature record: CXX_FEATURE:1cxx_variadic_templates


Detecting CXX [-std=c++98] compiler features compiled with the following output:
Change Dir: /root/huobi/CMakeFiles/CMakeTmp

Run Build Command:"/usr/bin/gmake" "cmTC_9b617/fast"
/usr/bin/gmake -f CMakeFiles/cmTC_9b617.dir/build.make CMakeFiles/cmTC_9b617.dir/build
gmake[1]: Entering directory `/root/huobi/CMakeFiles/CMakeTmp'
Building CXX object CMakeFiles/cmTC_9b617.dir/feature_tests.cxx.o
/opt/rh/devtoolset-3/root/usr/bin/g++    -Wall -std=c++11    -std=c++98 -o CMakeFiles/cmTC_9b617.dir/feature_tests.cxx.o -c /root/huobi/CMakeFiles/feature_tests.cxx
Linking CXX executable cmTC_9b617
/usr/bin/cmake3 -E cmake_link_script CMakeFiles/cmTC_9b617.dir/link.txt --verbose=1
/opt/rh/devtoolset-3/root/usr/bin/g++  -Wall -std=c++11     -rdynamic CMakeFiles/cmTC_9b617.dir/feature_tests.cxx.o  -o cmTC_9b617 
gmake[1]: Leaving directory `/root/huobi/CMakeFiles/CMakeTmp'


    Feature record: CXX_FEATURE:0cxx_aggregate_default_initializers
    Feature record: CXX_FEATURE:0cxx_alias_templates
    Feature record: CXX_FEATURE:0cxx_alignas
    Feature record: CXX_FEATURE:0cxx_alignof
    Feature record: CXX_FEATURE:0cxx_attributes
    Feature record: CXX_FEATURE:0cxx_attribute_deprecated
    Feature record: CXX_FEATURE:0cxx_auto_type
    Feature record: CXX_FEATURE:0cxx_binary_literals
    Feature record: CXX_FEATURE:0cxx_constexpr
    Feature record: CXX_FEATURE:0cxx_contextual_conversions
    Feature record: CXX_FEATURE:0cxx_decltype
    Feature record: CXX_FEATURE:0cxx_decltype_auto
    Feature record: CXX_FEATURE:0cxx_decltype_incomplete_return_types
    Feature record: CXX_FEATURE:0cxx_default_function_template_args
    Feature record: CXX_FEATURE:0cxx_defaulted_functions
    Feature record: CXX_FEATURE:0cxx_defaulted_move_initializers
    Feature record: CXX_FEATURE:0cxx_delegating_constructors
    Feature record: CXX_FEATURE:0cxx_deleted_functions
    Feature record: CXX_FEATURE:0cxx_digit_separators
    Feature record: CXX_FEATURE:0cxx_enum_forward_declarations
    Feature record: CXX_FEATURE:0cxx_explicit_conversions
    Feature record: CXX_FEATURE:0cxx_extended_friend_declarations
    Feature record: CXX_FEATURE:0cxx_extern_templates
    Feature record: CXX_FEATURE:0cxx_final
    Feature record: CXX_FEATURE:0cxx_func_identifier
    Feature record: CXX_FEATURE:0cxx_generalized_initializers
    Feature record: CXX_FEATURE:0cxx_generic_lambdas
    Feature record: CXX_FEATURE:0cxx_inheriting_constructors
    Feature record: CXX_FEATURE:0cxx_inline_namespaces
    Feature record: CXX_FEATURE:0cxx_lambdas
    Feature record: CXX_FEATURE:0cxx_lambda_init_captures
    Feature record: CXX_FEATURE:0cxx_local_type_template_args
    Feature record: CXX_FEATURE:0cxx_long_long_type
    Feature record: CXX_FEATURE:0cxx_noexcept
    Feature record: CXX_FEATURE:0cxx_nonstatic_member_init
    Feature record: CXX_FEATURE:0cxx_nullptr
    Feature record: CXX_FEATURE:0cxx_override
    Feature record: CXX_FEATURE:0cxx_range_for
    Feature record: CXX_FEATURE:0cxx_raw_string_literals
    Feature record: CXX_FEATURE:0cxx_reference_qualified_functions
    Feature record: CXX_FEATURE:0cxx_relaxed_constexpr
    Feature record: CXX_FEATURE:0cxx_return_type_deduction
    Feature record: CXX_FEATURE:0cxx_right_angle_brackets
    Feature record: CXX_FEATURE:0cxx_rvalue_references
    Feature record: CXX_FEATURE:0cxx_sizeof_member
    Feature record: CXX_FEATURE:0cxx_static_assert
    Feature record: CXX_FEATURE:0cxx_strong_enums
    Feature record: CXX_FEATURE:1cxx_template_template_parameters
    Feature record: CXX_FEATURE:0cxx_thread_local
    Feature record: CXX_FEATURE:0cxx_trailing_return_types
    Feature record: CXX_FEATURE:0cxx_unicode_literals
    Feature record: CXX_FEATURE:0cxx_uniform_initialization
    Feature record: CXX_FEATURE:0cxx_unrestricted_unions
    Feature record: CXX_FEATURE:0cxx_user_literals
    Feature record: CXX_FEATURE:0cxx_variable_templates
    Feature record: CXX_FEATURE:0cxx_variadic_macros
    Feature record: CXX_FEATURE:0cxx_variadic_templates
